<?xml version="1.0" encoding="UTF-8"?>
<testng-results skipped="0" failed="0" ignored="0" total="1" passed="1">
  <reporter-output>
  </reporter-output>
  <suite name="Default suite" duration-ms="12965" started-at="2019-03-04T10:31:47Z" finished-at="2019-03-04T10:32:00Z">
    <groups>
    </groups>
    <test name="Default test" duration-ms="12965" started-at="2019-03-04T10:31:47Z" finished-at="2019-03-04T10:32:00Z">
      <class name="test.TestNg_Demo">
        <test-method status="PASS" signature="setUpTest()[pri:0, instance:test.TestNg_Demo@1877ab81]" name="setUpTest" is-config="true" duration-ms="972" started-at="2019-03-04T10:31:47Z" finished-at="2019-03-04T10:31:48Z">
          <reporter-output>
          </reporter-output>
        </test-method> <!-- setUpTest -->
        <test-method status="PASS" signature="googleSearch()[pri:0, instance:test.TestNg_Demo@1877ab81]" name="googleSearch" duration-ms="11850" started-at="2019-03-04T10:31:48Z" finished-at="2019-03-04T10:32:00Z">
          <reporter-output>
          </reporter-output>
        </test-method> <!-- googleSearch -->
        <test-method status="PASS" signature="tearDownTest()[pri:0, instance:test.TestNg_Demo@1877ab81]" name="tearDownTest" is-config="true" duration-ms="124" started-at="2019-03-04T10:32:00Z" finished-at="2019-03-04T10:32:00Z">
          <reporter-output>
          </reporter-output>
        </test-method> <!-- tearDownTest -->
      </class> <!-- test.TestNg_Demo -->
    </test> <!-- Default test -->
  </suite> <!-- Default suite -->
</testng-results>
